<?xml version="1.0" encoding="UTF-8" ?>
<testsuites>
<testsuite name="story1" errors="0" tests="2" failures="0" time="3.418" timestamp="2013-12-01T18:36:20">
  <testcase classname="story1" name="is has empty problem list first" time="2.613"></testcase>
  <testcase classname="story1" name="lets a user create a new problem that is saved" time="0.804"></testcase>
</testsuite>
</testsuites>